{"/Users/dylanbernadou/Desktop/P9-Billed-App/frontend/src/constants/routes.js": {"path":"/Users/dylanbernadou/Desktop/P9-Billed-App/frontend/src/constants/routes.js","statementMap":{"0":{"start":{"line":6,"column":27},"end":{"line":11,"column":1}},"1":{"start":{"line":13,"column":22},"end":{"line":26,"column":1}},"2":{"start":{"line":14,"column":2},"end":{"line":25,"column":3}},"3":{"start":{"line":16,"column":6},"end":{"line":16,"column":46}},"4":{"start":{"line":18,"column":6},"end":{"line":18,"column":46}},"5":{"start":{"line":20,"column":6},"end":{"line":20,"column":24}},"6":{"start":{"line":22,"column":6},"end":{"line":22,"column":50}},"7":{"start":{"line":24,"column":6},"end":{"line":24,"column":46}}},"fnMap":{"0":{"name":"(anonymous_0)","decl":{"start":{"line":13,"column":22},"end":{"line":13,"column":23}},"loc":{"start":{"line":13,"column":62},"end":{"line":26,"column":1}},"line":13}},"branchMap":{"0":{"loc":{"start":{"line":14,"column":2},"end":{"line":25,"column":3}},"type":"switch","locations":[{"start":{"line":15,"column":4},"end":{"line":16,"column":46}},{"start":{"line":17,"column":4},"end":{"line":18,"column":46}},{"start":{"line":19,"column":4},"end":{"line":20,"column":24}},{"start":{"line":21,"column":4},"end":{"line":22,"column":50}},{"start":{"line":23,"column":4},"end":{"line":24,"column":46}}],"line":14}},"s":{"0":6,"1":6,"2":64,"3":12,"4":33,"5":6,"6":12,"7":1},"f":{"0":64},"b":{"0":[12,33,6,12,1]},"_coverageSchema":"1a1c01bbd47fc00a2c39e90264f33305004495a9","hash":"d9b1a30140dcbfd87dda8765c96074cb4868c2f7"}
,"/Users/dylanbernadou/Desktop/P9-Billed-App/frontend/src/constants/usersTest.js": {"path":"/Users/dylanbernadou/Desktop/P9-Billed-App/frontend/src/constants/usersTest.js","statementMap":{},"fnMap":{},"branchMap":{},"s":{},"f":{},"b":{},"_coverageSchema":"1a1c01bbd47fc00a2c39e90264f33305004495a9","hash":"634cd1d4acb35185f36a6142432e6672072e0a4c"}
,"/Users/dylanbernadou/Desktop/P9-Billed-App/frontend/src/containers/Bills.js": {"path":"/Users/dylanbernadou/Desktop/P9-Billed-App/frontend/src/containers/Bills.js","statementMap":{"0":{"start":{"line":7,"column":4},"end":{"line":7,"column":29}},"1":{"start":{"line":8,"column":4},"end":{"line":8,"column":33}},"2":{"start":{"line":9,"column":4},"end":{"line":9,"column":23}},"3":{"start":{"line":10,"column":26},"end":{"line":12,"column":5}},"4":{"start":{"line":13,"column":4},"end":{"line":14,"column":71}},"5":{"start":{"line":14,"column":6},"end":{"line":14,"column":71}},"6":{"start":{"line":15,"column":20},"end":{"line":15,"column":76}},"7":{"start":{"line":16,"column":4},"end":{"line":19,"column":9}},"8":{"start":{"line":17,"column":6},"end":{"line":19,"column":9}},"9":{"start":{"line":18,"column":8},"end":{"line":18,"column":76}},"10":{"start":{"line":18,"column":45},"end":{"line":18,"column":74}},"11":{"start":{"line":20,"column":4},"end":{"line":20,"column":55}},"12":{"start":{"line":23,"column":23},"end":{"line":25,"column":3}},"13":{"start":{"line":24,"column":4},"end":{"line":24,"column":44}},"14":{"start":{"line":27,"column":23},"end":{"line":37,"column":3}},"15":{"start":{"line":28,"column":4},"end":{"line":28,"column":22}},"16":{"start":{"line":29,"column":20},"end":{"line":29,"column":54}},"17":{"start":{"line":30,"column":21},"end":{"line":30,"column":63}},"18":{"start":{"line":31,"column":4},"end":{"line":35,"column":8}},"19":{"start":{"line":36,"column":4},"end":{"line":36,"column":35}},"20":{"start":{"line":39,"column":13},"end":{"line":65,"column":3}},"21":{"start":{"line":40,"column":4},"end":{"line":64,"column":5}},"22":{"start":{"line":41,"column":6},"end":{"line":63,"column":11}},"23":{"start":{"line":45,"column":24},"end":{"line":61,"column":12}},"24":{"start":{"line":46,"column":12},"end":{"line":60,"column":13}},"25":{"start":{"line":47,"column":14},"end":{"line":51,"column":16}},"26":{"start":{"line":55,"column":14},"end":{"line":59,"column":16}},"27":{"start":{"line":62,"column":10},"end":{"line":62,"column":23}}},"fnMap":{"0":{"name":"(anonymous_0)","decl":{"start":{"line":6,"column":2},"end":{"line":6,"column":3}},"loc":{"start":{"line":6,"column":61},"end":{"line":21,"column":3}},"line":6},"1":{"name":"(anonymous_1)","decl":{"start":{"line":17,"column":22},"end":{"line":17,"column":23}},"loc":{"start":{"line":17,"column":32},"end":{"line":19,"column":7}},"line":17},"2":{"name":"(anonymous_2)","decl":{"start":{"line":18,"column":39},"end":{"line":18,"column":40}},"loc":{"start":{"line":18,"column":45},"end":{"line":18,"column":74}},"line":18},"3":{"name":"(anonymous_3)","decl":{"start":{"line":23,"column":23},"end":{"line":23,"column":24}},"loc":{"start":{"line":23,"column":29},"end":{"line":25,"column":3}},"line":23},"4":{"name":"(anonymous_4)","decl":{"start":{"line":27,"column":23},"end":{"line":27,"column":24}},"loc":{"start":{"line":27,"column":33},"end":{"line":37,"column":3}},"line":27},"5":{"name":"(anonymous_5)","decl":{"start":{"line":39,"column":13},"end":{"line":39,"column":14}},"loc":{"start":{"line":39,"column":19},"end":{"line":65,"column":3}},"line":39},"6":{"name":"(anonymous_6)","decl":{"start":{"line":44,"column":14},"end":{"line":44,"column":15}},"loc":{"start":{"line":44,"column":28},"end":{"line":63,"column":9}},"line":44},"7":{"name":"(anonymous_7)","decl":{"start":{"line":45,"column":37},"end":{"line":45,"column":38}},"loc":{"start":{"line":45,"column":46},"end":{"line":61,"column":11}},"line":45}},"branchMap":{"0":{"loc":{"start":{"line":13,"column":4},"end":{"line":14,"column":71}},"type":"if","locations":[{"start":{"line":13,"column":4},"end":{"line":14,"column":71}},{"start":{"line":13,"column":4},"end":{"line":14,"column":71}}],"line":13},"1":{"loc":{"start":{"line":16,"column":4},"end":{"line":19,"column":9}},"type":"if","locations":[{"start":{"line":16,"column":4},"end":{"line":19,"column":9}},{"start":{"line":16,"column":4},"end":{"line":19,"column":9}}],"line":16},"2":{"loc":{"start":{"line":40,"column":4},"end":{"line":64,"column":5}},"type":"if","locations":[{"start":{"line":40,"column":4},"end":{"line":64,"column":5}},{"start":{"line":40,"column":4},"end":{"line":64,"column":5}}],"line":40}},"s":{"0":13,"1":13,"2":13,"3":13,"4":13,"5":8,"6":13,"7":13,"8":13,"9":28,"10":1,"11":13,"12":13,"13":2,"14":13,"15":2,"16":2,"17":2,"18":2,"19":2,"20":13,"21":11,"22":11,"23":0,"24":0,"25":0,"26":0,"27":0},"f":{"0":13,"1":28,"2":1,"3":2,"4":2,"5":11,"6":0,"7":0},"b":{"0":[8,5],"1":[13,0],"2":[11,0]},"_coverageSchema":"1a1c01bbd47fc00a2c39e90264f33305004495a9","hash":"f8dd74ec2f1f53e9dc7bdfd4aaf8e0bbded1e1e2"}
,"/Users/dylanbernadou/Desktop/P9-Billed-App/frontend/src/containers/Dashboard.js": {"path":"/Users/dylanbernadou/Desktop/P9-Billed-App/frontend/src/containers/Dashboard.js","statementMap":{"0":{"start":{"line":8,"column":29},"end":{"line":27,"column":1}},"1":{"start":{"line":9,"column":2},"end":{"line":26,"column":9}},"2":{"start":{"line":14,"column":8},"end":{"line":23,"column":9}},"3":{"start":{"line":15,"column":10},"end":{"line":15,"column":51}},"4":{"start":{"line":20,"column":10},"end":{"line":22,"column":61}},"5":{"start":{"line":24,"column":8},"end":{"line":24,"column":31}},"6":{"start":{"line":29,"column":20},"end":{"line":56,"column":1}},"7":{"start":{"line":30,"column":28},"end":{"line":30,"column":52}},"8":{"start":{"line":31,"column":20},"end":{"line":33,"column":8}},"9":{"start":{"line":34,"column":19},"end":{"line":36,"column":23}},"10":{"start":{"line":38,"column":2},"end":{"line":55,"column":4}},"11":{"start":{"line":58,"column":21},"end":{"line":60,"column":1}},"12":{"start":{"line":59,"column":2},"end":{"line":59,"column":79}},"13":{"start":{"line":59,"column":53},"end":{"line":59,"column":63}},"14":{"start":{"line":62,"column":25},"end":{"line":71,"column":1}},"15":{"start":{"line":63,"column":2},"end":{"line":70,"column":3}},"16":{"start":{"line":65,"column":6},"end":{"line":65,"column":23}},"17":{"start":{"line":67,"column":6},"end":{"line":67,"column":24}},"18":{"start":{"line":69,"column":6},"end":{"line":69,"column":23}},"19":{"start":{"line":75,"column":4},"end":{"line":75,"column":29}},"20":{"start":{"line":76,"column":4},"end":{"line":76,"column":33}},"21":{"start":{"line":77,"column":4},"end":{"line":77,"column":23}},"22":{"start":{"line":78,"column":4},"end":{"line":78,"column":72}},"23":{"start":{"line":78,"column":35},"end":{"line":78,"column":70}},"24":{"start":{"line":79,"column":4},"end":{"line":79,"column":72}},"25":{"start":{"line":79,"column":35},"end":{"line":79,"column":70}},"26":{"start":{"line":80,"column":4},"end":{"line":80,"column":72}},"27":{"start":{"line":80,"column":35},"end":{"line":80,"column":70}},"28":{"start":{"line":81,"column":4},"end":{"line":81,"column":45}},"29":{"start":{"line":84,"column":23},"end":{"line":94,"column":3}},"30":{"start":{"line":85,"column":20},"end":{"line":85,"column":56}},"31":{"start":{"line":86,"column":21},"end":{"line":86,"column":69}},"32":{"start":{"line":87,"column":4},"end":{"line":91,"column":8}},"33":{"start":{"line":92,"column":4},"end":{"line":93,"column":43}},"34":{"start":{"line":93,"column":6},"end":{"line":93,"column":43}},"35":{"start":{"line":97,"column":4},"end":{"line":97,"column":30}},"36":{"start":{"line":98,"column":4},"end":{"line":98,"column":76}},"37":{"start":{"line":98,"column":59},"end":{"line":98,"column":76}},"38":{"start":{"line":99,"column":4},"end":{"line":99,"column":72}},"39":{"start":{"line":99,"column":54},"end":{"line":99,"column":72}},"40":{"start":{"line":100,"column":4},"end":{"line":100,"column":30}},"41":{"start":{"line":101,"column":4},"end":{"line":115,"column":5}},"42":{"start":{"line":102,"column":6},"end":{"line":104,"column":9}},"43":{"start":{"line":103,"column":8},"end":{"line":103,"column":62}},"44":{"start":{"line":105,"column":6},"end":{"line":105,"column":63}},"45":{"start":{"line":106,"column":6},"end":{"line":106,"column":70}},"46":{"start":{"line":107,"column":6},"end":{"line":107,"column":53}},"47":{"start":{"line":109,"column":6},"end":{"line":109,"column":63}},"48":{"start":{"line":111,"column":6},"end":{"line":113,"column":9}},"49":{"start":{"line":114,"column":6},"end":{"line":114,"column":53}},"50":{"start":{"line":116,"column":4},"end":{"line":116,"column":50}},"51":{"start":{"line":117,"column":4},"end":{"line":117,"column":73}},"52":{"start":{"line":117,"column":39},"end":{"line":117,"column":71}},"53":{"start":{"line":118,"column":4},"end":{"line":118,"column":73}},"54":{"start":{"line":118,"column":39},"end":{"line":118,"column":71}},"55":{"start":{"line":119,"column":4},"end":{"line":119,"column":22}},"56":{"start":{"line":122,"column":23},"end":{"line":130,"column":3}},"57":{"start":{"line":123,"column":20},"end":{"line":127,"column":5}},"58":{"start":{"line":128,"column":4},"end":{"line":128,"column":29}},"59":{"start":{"line":129,"column":4},"end":{"line":129,"column":46}},"60":{"start":{"line":132,"column":23},"end":{"line":140,"column":3}},"61":{"start":{"line":133,"column":20},"end":{"line":137,"column":5}},"62":{"start":{"line":138,"column":4},"end":{"line":138,"column":29}},"63":{"start":{"line":139,"column":4},"end":{"line":139,"column":46}},"64":{"start":{"line":143,"column":4},"end":{"line":143,"column":42}},"65":{"start":{"line":144,"column":4},"end":{"line":144,"column":77}},"66":{"start":{"line":144,"column":60},"end":{"line":144,"column":77}},"67":{"start":{"line":145,"column":4},"end":{"line":145,"column":77}},"68":{"start":{"line":145,"column":58},"end":{"line":145,"column":77}},"69":{"start":{"line":146,"column":4},"end":{"line":156,"column":5}},"70":{"start":{"line":147,"column":6},"end":{"line":147,"column":71}},"71":{"start":{"line":148,"column":6},"end":{"line":150,"column":8}},"72":{"start":{"line":151,"column":6},"end":{"line":151,"column":21}},"73":{"start":{"line":153,"column":6},"end":{"line":153,"column":72}},"74":{"start":{"line":154,"column":6},"end":{"line":154,"column":57}},"75":{"start":{"line":155,"column":6},"end":{"line":155,"column":21}},"76":{"start":{"line":157,"column":4},"end":{"line":161,"column":7}},"77":{"start":{"line":158,"column":6},"end":{"line":160,"column":9}},"78":{"start":{"line":159,"column":8},"end":{"line":159,"column":46}},"79":{"start":{"line":163,"column":4},"end":{"line":163,"column":17}},"80":{"start":{"line":166,"column":21},"end":{"line":184,"column":3}},"81":{"start":{"line":167,"column":4},"end":{"line":183,"column":5}},"82":{"start":{"line":168,"column":6},"end":{"line":182,"column":11}},"83":{"start":{"line":172,"column":24},"end":{"line":177,"column":13}},"84":{"start":{"line":172,"column":47},"end":{"line":177,"column":11}},"85":{"start":{"line":178,"column":10},"end":{"line":178,"column":23}},"86":{"start":{"line":181,"column":10},"end":{"line":181,"column":22}}},"fnMap":{"0":{"name":"(anonymous_0)","decl":{"start":{"line":8,"column":29},"end":{"line":8,"column":30}},"loc":{"start":{"line":8,"column":47},"end":{"line":27,"column":1}},"line":8},"1":{"name":"(anonymous_1)","decl":{"start":{"line":10,"column":18},"end":{"line":10,"column":19}},"loc":{"start":{"line":10,"column":28},"end":{"line":25,"column":7}},"line":10},"2":{"name":"(anonymous_2)","decl":{"start":{"line":29,"column":20},"end":{"line":29,"column":21}},"loc":{"start":{"line":29,"column":30},"end":{"line":56,"column":1}},"line":29},"3":{"name":"(anonymous_3)","decl":{"start":{"line":58,"column":21},"end":{"line":58,"column":22}},"loc":{"start":{"line":58,"column":32},"end":{"line":60,"column":1}},"line":58},"4":{"name":"(anonymous_4)","decl":{"start":{"line":59,"column":43},"end":{"line":59,"column":44}},"loc":{"start":{"line":59,"column":53},"end":{"line":59,"column":63}},"line":59},"5":{"name":"(anonymous_5)","decl":{"start":{"line":62,"column":25},"end":{"line":62,"column":26}},"loc":{"start":{"line":62,"column":36},"end":{"line":71,"column":1}},"line":62},"6":{"name":"(anonymous_6)","decl":{"start":{"line":74,"column":2},"end":{"line":74,"column":3}},"loc":{"start":{"line":74,"column":68},"end":{"line":82,"column":3}},"line":74},"7":{"name":"(anonymous_7)","decl":{"start":{"line":78,"column":28},"end":{"line":78,"column":29}},"loc":{"start":{"line":78,"column":35},"end":{"line":78,"column":70}},"line":78},"8":{"name":"(anonymous_8)","decl":{"start":{"line":79,"column":28},"end":{"line":79,"column":29}},"loc":{"start":{"line":79,"column":35},"end":{"line":79,"column":70}},"line":79},"9":{"name":"(anonymous_9)","decl":{"start":{"line":80,"column":28},"end":{"line":80,"column":29}},"loc":{"start":{"line":80,"column":35},"end":{"line":80,"column":70}},"line":80},"10":{"name":"(anonymous_10)","decl":{"start":{"line":84,"column":23},"end":{"line":84,"column":24}},"loc":{"start":{"line":84,"column":29},"end":{"line":94,"column":3}},"line":84},"11":{"name":"(anonymous_11)","decl":{"start":{"line":96,"column":2},"end":{"line":96,"column":3}},"loc":{"start":{"line":96,"column":35},"end":{"line":120,"column":3}},"line":96},"12":{"name":"(anonymous_12)","decl":{"start":{"line":102,"column":20},"end":{"line":102,"column":21}},"loc":{"start":{"line":102,"column":27},"end":{"line":104,"column":7}},"line":102},"13":{"name":"(anonymous_13)","decl":{"start":{"line":117,"column":32},"end":{"line":117,"column":33}},"loc":{"start":{"line":117,"column":39},"end":{"line":117,"column":71}},"line":117},"14":{"name":"(anonymous_14)","decl":{"start":{"line":118,"column":32},"end":{"line":118,"column":33}},"loc":{"start":{"line":118,"column":39},"end":{"line":118,"column":71}},"line":118},"15":{"name":"(anonymous_15)","decl":{"start":{"line":122,"column":23},"end":{"line":122,"column":24}},"loc":{"start":{"line":122,"column":36},"end":{"line":130,"column":3}},"line":122},"16":{"name":"(anonymous_16)","decl":{"start":{"line":132,"column":23},"end":{"line":132,"column":24}},"loc":{"start":{"line":132,"column":36},"end":{"line":140,"column":3}},"line":132},"17":{"name":"(anonymous_17)","decl":{"start":{"line":142,"column":2},"end":{"line":142,"column":3}},"loc":{"start":{"line":142,"column":37},"end":{"line":164,"column":3}},"line":142},"18":{"name":"(anonymous_18)","decl":{"start":{"line":157,"column":18},"end":{"line":157,"column":19}},"loc":{"start":{"line":157,"column":28},"end":{"line":161,"column":5}},"line":157},"19":{"name":"(anonymous_19)","decl":{"start":{"line":158,"column":38},"end":{"line":158,"column":39}},"loc":{"start":{"line":158,"column":45},"end":{"line":160,"column":7}},"line":158},"20":{"name":"(anonymous_20)","decl":{"start":{"line":166,"column":21},"end":{"line":166,"column":22}},"loc":{"start":{"line":166,"column":27},"end":{"line":184,"column":3}},"line":166},"21":{"name":"(anonymous_21)","decl":{"start":{"line":171,"column":14},"end":{"line":171,"column":15}},"loc":{"start":{"line":171,"column":28},"end":{"line":179,"column":9}},"line":171},"22":{"name":"(anonymous_22)","decl":{"start":{"line":172,"column":37},"end":{"line":172,"column":38}},"loc":{"start":{"line":172,"column":47},"end":{"line":177,"column":11}},"line":172},"23":{"name":"(anonymous_23)","decl":{"start":{"line":180,"column":15},"end":{"line":180,"column":16}},"loc":{"start":{"line":180,"column":26},"end":{"line":182,"column":9}},"line":180}},"branchMap":{"0":{"loc":{"start":{"line":9,"column":9},"end":{"line":26,"column":8}},"type":"cond-expr","locations":[{"start":{"line":10,"column":6},"end":{"line":25,"column":8}},{"start":{"line":26,"column":6},"end":{"line":26,"column":8}}],"line":9},"1":{"loc":{"start":{"line":9,"column":9},"end":{"line":9,"column":28}},"type":"binary-expr","locations":[{"start":{"line":9,"column":9},"end":{"line":9,"column":13}},{"start":{"line":9,"column":17},"end":{"line":9,"column":28}}],"line":9},"2":{"loc":{"start":{"line":14,"column":8},"end":{"line":23,"column":9}},"type":"if","locations":[{"start":{"line":14,"column":8},"end":{"line":23,"column":9}},{"start":{"line":14,"column":8},"end":{"line":23,"column":9}}],"line":14},"3":{"loc":{"start":{"line":21,"column":12},"end":{"line":22,"column":60}},"type":"binary-expr","locations":[{"start":{"line":21,"column":12},"end":{"line":21,"column":34}},{"start":{"line":22,"column":12},"end":{"line":22,"column":60}}],"line":21},"4":{"loc":{"start":{"line":31,"column":20},"end":{"line":33,"column":8}},"type":"cond-expr","locations":[{"start":{"line":32,"column":6},"end":{"line":32,"column":37}},{"start":{"line":33,"column":6},"end":{"line":33,"column":8}}],"line":31},"5":{"loc":{"start":{"line":34,"column":19},"end":{"line":36,"column":23}},"type":"cond-expr","locations":[{"start":{"line":35,"column":6},"end":{"line":35,"column":37}},{"start":{"line":36,"column":6},"end":{"line":36,"column":23}}],"line":34},"6":{"loc":{"start":{"line":59,"column":9},"end":{"line":59,"column":78}},"type":"cond-expr","locations":[{"start":{"line":59,"column":33},"end":{"line":59,"column":73}},{"start":{"line":59,"column":76},"end":{"line":59,"column":78}}],"line":59},"7":{"loc":{"start":{"line":59,"column":9},"end":{"line":59,"column":30}},"type":"binary-expr","locations":[{"start":{"line":59,"column":9},"end":{"line":59,"column":14}},{"start":{"line":59,"column":18},"end":{"line":59,"column":30}}],"line":59},"8":{"loc":{"start":{"line":63,"column":2},"end":{"line":70,"column":3}},"type":"switch","locations":[{"start":{"line":64,"column":4},"end":{"line":65,"column":23}},{"start":{"line":66,"column":4},"end":{"line":67,"column":24}},{"start":{"line":68,"column":4},"end":{"line":69,"column":23}}],"line":63},"9":{"loc":{"start":{"line":92,"column":4},"end":{"line":93,"column":43}},"type":"if","locations":[{"start":{"line":92,"column":4},"end":{"line":93,"column":43}},{"start":{"line":92,"column":4},"end":{"line":93,"column":43}}],"line":92},"10":{"loc":{"start":{"line":98,"column":4},"end":{"line":98,"column":76}},"type":"if","locations":[{"start":{"line":98,"column":4},"end":{"line":98,"column":76}},{"start":{"line":98,"column":4},"end":{"line":98,"column":76}}],"line":98},"11":{"loc":{"start":{"line":98,"column":8},"end":{"line":98,"column":57}},"type":"binary-expr","locations":[{"start":{"line":98,"column":8},"end":{"line":98,"column":34}},{"start":{"line":98,"column":38},"end":{"line":98,"column":57}}],"line":98},"12":{"loc":{"start":{"line":99,"column":4},"end":{"line":99,"column":72}},"type":"if","locations":[{"start":{"line":99,"column":4},"end":{"line":99,"column":72}},{"start":{"line":99,"column":4},"end":{"line":99,"column":72}}],"line":99},"13":{"loc":{"start":{"line":99,"column":8},"end":{"line":99,"column":52}},"type":"binary-expr","locations":[{"start":{"line":99,"column":8},"end":{"line":99,"column":29}},{"start":{"line":99,"column":33},"end":{"line":99,"column":52}}],"line":99},"14":{"loc":{"start":{"line":101,"column":4},"end":{"line":115,"column":5}},"type":"if","locations":[{"start":{"line":101,"column":4},"end":{"line":115,"column":5}},{"start":{"line":101,"column":4},"end":{"line":115,"column":5}}],"line":101},"15":{"loc":{"start":{"line":144,"column":4},"end":{"line":144,"column":77}},"type":"if","locations":[{"start":{"line":144,"column":4},"end":{"line":144,"column":77}},{"start":{"line":144,"column":4},"end":{"line":144,"column":77}}],"line":144},"16":{"loc":{"start":{"line":144,"column":8},"end":{"line":144,"column":58}},"type":"binary-expr","locations":[{"start":{"line":144,"column":8},"end":{"line":144,"column":34}},{"start":{"line":144,"column":38},"end":{"line":144,"column":58}}],"line":144},"17":{"loc":{"start":{"line":145,"column":4},"end":{"line":145,"column":77}},"type":"if","locations":[{"start":{"line":145,"column":4},"end":{"line":145,"column":77}},{"start":{"line":145,"column":4},"end":{"line":145,"column":77}}],"line":145},"18":{"loc":{"start":{"line":145,"column":8},"end":{"line":145,"column":56}},"type":"binary-expr","locations":[{"start":{"line":145,"column":8},"end":{"line":145,"column":32}},{"start":{"line":145,"column":36},"end":{"line":145,"column":56}}],"line":145},"19":{"loc":{"start":{"line":146,"column":4},"end":{"line":156,"column":5}},"type":"if","locations":[{"start":{"line":146,"column":4},"end":{"line":156,"column":5}},{"start":{"line":146,"column":4},"end":{"line":156,"column":5}}],"line":146},"20":{"loc":{"start":{"line":167,"column":4},"end":{"line":183,"column":5}},"type":"if","locations":[{"start":{"line":167,"column":4},"end":{"line":183,"column":5}},{"start":{"line":167,"column":4},"end":{"line":183,"column":5}}],"line":167}},"s":{"0":6,"1":44,"2":104,"3":104,"4":0,"5":104,"6":6,"7":6,"8":6,"9":6,"10":6,"11":6,"12":6,"13":6,"14":6,"15":5,"16":3,"17":1,"18":1,"19":14,"20":14,"21":14,"22":14,"23":0,"24":14,"25":0,"26":14,"27":0,"28":14,"29":14,"30":1,"31":1,"32":1,"33":1,"34":0,"35":3,"36":3,"37":2,"38":3,"39":2,"40":3,"41":3,"42":2,"43":8,"44":2,"45":2,"46":2,"47":1,"48":1,"49":1,"50":3,"51":3,"52":0,"53":3,"54":0,"55":3,"56":14,"57":1,"58":1,"59":1,"60":14,"61":1,"62":1,"63":1,"64":5,"65":5,"66":5,"67":5,"68":5,"69":5,"70":5,"71":5,"72":5,"73":0,"74":0,"75":0,"76":5,"77":20,"78":3,"79":5,"80":14,"81":5,"82":5,"83":3,"84":12,"85":3,"86":2},"f":{"0":44,"1":104,"2":6,"3":6,"4":6,"5":5,"6":14,"7":0,"8":0,"9":0,"10":1,"11":3,"12":8,"13":0,"14":0,"15":1,"16":1,"17":5,"18":20,"19":3,"20":5,"21":3,"22":12,"23":2},"b":{"0":[26,18],"1":[44,26],"2":[104,0],"3":[0,0],"4":[0,6],"5":[0,6],"6":[5,1],"7":[6,6],"8":[3,1,1],"9":[0,1],"10":[2,1],"11":[3,3],"12":[2,1],"13":[3,1],"14":[2,1],"15":[5,0],"16":[5,2],"17":[5,0],"18":[5,2],"19":[5,0],"20":[5,0]},"_coverageSchema":"1a1c01bbd47fc00a2c39e90264f33305004495a9","hash":"000bff9bdef6acb47a573f0ccedd56832af7a9ce"}
,"/Users/dylanbernadou/Desktop/P9-Billed-App/frontend/src/containers/Login.js": {"path":"/Users/dylanbernadou/Desktop/P9-Billed-App/frontend/src/containers/Login.js","statementMap":{"0":{"start":{"line":2,"column":31},"end":{"line":2,"column":33}},"1":{"start":{"line":13,"column":4},"end":{"line":13,"column":29}},"2":{"start":{"line":14,"column":4},"end":{"line":14,"column":37}},"3":{"start":{"line":15,"column":4},"end":{"line":15,"column":33}},"4":{"start":{"line":16,"column":4},"end":{"line":16,"column":47}},"5":{"start":{"line":17,"column":4},"end":{"line":17,"column":23}},"6":{"start":{"line":18,"column":25},"end":{"line":20,"column":5}},"7":{"start":{"line":21,"column":4},"end":{"line":21,"column":71}},"8":{"start":{"line":22,"column":22},"end":{"line":24,"column":5}},"9":{"start":{"line":25,"column":4},"end":{"line":25,"column":65}},"10":{"start":{"line":27,"column":25},"end":{"line":47,"column":3}},"11":{"start":{"line":28,"column":4},"end":{"line":28,"column":23}},"12":{"start":{"line":29,"column":17},"end":{"line":37,"column":5}},"13":{"start":{"line":38,"column":4},"end":{"line":38,"column":60}},"14":{"start":{"line":39,"column":4},"end":{"line":46,"column":9}},"15":{"start":{"line":40,"column":22},"end":{"line":40,"column":43}},"16":{"start":{"line":42,"column":8},"end":{"line":42,"column":46}},"17":{"start":{"line":43,"column":8},"end":{"line":43,"column":54}},"18":{"start":{"line":44,"column":8},"end":{"line":44,"column":51}},"19":{"start":{"line":45,"column":8},"end":{"line":45,"column":58}},"20":{"start":{"line":49,"column":22},"end":{"line":72,"column":3}},"21":{"start":{"line":50,"column":4},"end":{"line":50,"column":23}},"22":{"start":{"line":51,"column":4},"end":{"line":53,"column":6}},"23":{"start":{"line":54,"column":17},"end":{"line":62,"column":5}},"24":{"start":{"line":63,"column":4},"end":{"line":63,"column":60}},"25":{"start":{"line":64,"column":4},"end":{"line":71,"column":9}},"26":{"start":{"line":65,"column":22},"end":{"line":65,"column":43}},"27":{"start":{"line":67,"column":8},"end":{"line":67,"column":50}},"28":{"start":{"line":68,"column":8},"end":{"line":68,"column":58}},"29":{"start":{"line":69,"column":8},"end":{"line":69,"column":51}},"30":{"start":{"line":70,"column":8},"end":{"line":70,"column":53}},"31":{"start":{"line":75,"column":10},"end":{"line":90,"column":3}},"32":{"start":{"line":76,"column":4},"end":{"line":89,"column":5}},"33":{"start":{"line":77,"column":6},"end":{"line":86,"column":11}},"34":{"start":{"line":85,"column":10},"end":{"line":85,"column":43}},"35":{"start":{"line":88,"column":6},"end":{"line":88,"column":18}},"36":{"start":{"line":93,"column":15},"end":{"line":111,"column":3}},"37":{"start":{"line":94,"column":4},"end":{"line":110,"column":5}},"38":{"start":{"line":95,"column":6},"end":{"line":107,"column":11}},"39":{"start":{"line":106,"column":10},"end":{"line":106,"column":34}},"40":{"start":{"line":109,"column":6},"end":{"line":109,"column":18}}},"fnMap":{"0":{"name":"(anonymous_0)","decl":{"start":{"line":6,"column":2},"end":{"line":6,"column":3}},"loc":{"start":{"line":12,"column":5},"end":{"line":26,"column":3}},"line":12},"1":{"name":"(anonymous_1)","decl":{"start":{"line":27,"column":25},"end":{"line":27,"column":26}},"loc":{"start":{"line":27,"column":32},"end":{"line":47,"column":3}},"line":27},"2":{"name":"(anonymous_2)","decl":{"start":{"line":40,"column":13},"end":{"line":40,"column":14}},"loc":{"start":{"line":40,"column":22},"end":{"line":40,"column":43}},"line":40},"3":{"name":"(anonymous_3)","decl":{"start":{"line":41,"column":12},"end":{"line":41,"column":13}},"loc":{"start":{"line":41,"column":18},"end":{"line":46,"column":7}},"line":41},"4":{"name":"(anonymous_4)","decl":{"start":{"line":49,"column":22},"end":{"line":49,"column":23}},"loc":{"start":{"line":49,"column":29},"end":{"line":72,"column":3}},"line":49},"5":{"name":"(anonymous_5)","decl":{"start":{"line":65,"column":13},"end":{"line":65,"column":14}},"loc":{"start":{"line":65,"column":22},"end":{"line":65,"column":43}},"line":65},"6":{"name":"(anonymous_6)","decl":{"start":{"line":66,"column":12},"end":{"line":66,"column":13}},"loc":{"start":{"line":66,"column":18},"end":{"line":71,"column":7}},"line":66},"7":{"name":"(anonymous_7)","decl":{"start":{"line":75,"column":10},"end":{"line":75,"column":11}},"loc":{"start":{"line":75,"column":20},"end":{"line":90,"column":3}},"line":75},"8":{"name":"(anonymous_8)","decl":{"start":{"line":84,"column":14},"end":{"line":84,"column":15}},"loc":{"start":{"line":84,"column":27},"end":{"line":86,"column":9}},"line":84},"9":{"name":"(anonymous_9)","decl":{"start":{"line":93,"column":15},"end":{"line":93,"column":16}},"loc":{"start":{"line":93,"column":25},"end":{"line":111,"column":3}},"line":93},"10":{"name":"(anonymous_10)","decl":{"start":{"line":105,"column":14},"end":{"line":105,"column":15}},"loc":{"start":{"line":105,"column":20},"end":{"line":107,"column":9}},"line":105}},"branchMap":{"0":{"loc":{"start":{"line":76,"column":4},"end":{"line":89,"column":5}},"type":"if","locations":[{"start":{"line":76,"column":4},"end":{"line":89,"column":5}},{"start":{"line":76,"column":4},"end":{"line":89,"column":5}}],"line":76},"1":{"loc":{"start":{"line":94,"column":4},"end":{"line":110,"column":5}},"type":"if","locations":[{"start":{"line":94,"column":4},"end":{"line":110,"column":5}},{"start":{"line":94,"column":4},"end":{"line":110,"column":5}}],"line":94}},"s":{"0":4,"1":4,"2":4,"3":4,"4":4,"5":4,"6":4,"7":4,"8":4,"9":4,"10":4,"11":2,"12":2,"13":2,"14":2,"15":0,"16":2,"17":2,"18":2,"19":2,"20":4,"21":2,"22":2,"23":2,"24":2,"25":2,"26":0,"27":2,"28":2,"29":2,"30":2,"31":4,"32":0,"33":0,"34":0,"35":0,"36":4,"37":0,"38":0,"39":0,"40":0},"f":{"0":4,"1":2,"2":0,"3":2,"4":2,"5":0,"6":2,"7":0,"8":0,"9":0,"10":0},"b":{"0":[0,0],"1":[0,0]},"_coverageSchema":"1a1c01bbd47fc00a2c39e90264f33305004495a9","hash":"dd82b8ae0d0031e2b3dd029d55a613e0ebdd2deb"}
,"/Users/dylanbernadou/Desktop/P9-Billed-App/frontend/src/containers/Logout.js": {"path":"/Users/dylanbernadou/Desktop/P9-Billed-App/frontend/src/containers/Logout.js","statementMap":{"0":{"start":{"line":5,"column":4},"end":{"line":5,"column":28}},"1":{"start":{"line":6,"column":4},"end":{"line":6,"column":32}},"2":{"start":{"line":7,"column":4},"end":{"line":7,"column":36}},"3":{"start":{"line":8,"column":4},"end":{"line":8,"column":51}},"4":{"start":{"line":11,"column":16},"end":{"line":14,"column":3}},"5":{"start":{"line":12,"column":4},"end":{"line":12,"column":29}},"6":{"start":{"line":13,"column":4},"end":{"line":13,"column":41}}},"fnMap":{"0":{"name":"(anonymous_0)","decl":{"start":{"line":4,"column":2},"end":{"line":4,"column":3}},"loc":{"start":{"line":4,"column":54},"end":{"line":9,"column":3}},"line":4},"1":{"name":"(anonymous_1)","decl":{"start":{"line":11,"column":16},"end":{"line":11,"column":17}},"loc":{"start":{"line":11,"column":23},"end":{"line":14,"column":3}},"line":11}},"branchMap":{},"s":{"0":31,"1":31,"2":31,"3":31,"4":31,"5":2,"6":2},"f":{"0":31,"1":2},"b":{},"_coverageSchema":"1a1c01bbd47fc00a2c39e90264f33305004495a9","hash":"401a87a642772db03de79d50e7f8484cce83dd51"}
,"/Users/dylanbernadou/Desktop/P9-Billed-App/frontend/src/containers/NewBill.js": {"path":"/Users/dylanbernadou/Desktop/P9-Billed-App/frontend/src/containers/NewBill.js","statementMap":{"0":{"start":{"line":6,"column":4},"end":{"line":6,"column":29}},"1":{"start":{"line":7,"column":4},"end":{"line":7,"column":33}},"2":{"start":{"line":8,"column":4},"end":{"line":8,"column":23}},"3":{"start":{"line":9,"column":24},"end":{"line":11,"column":5}},"4":{"start":{"line":12,"column":4},"end":{"line":12,"column":62}},"5":{"start":{"line":13,"column":17},"end":{"line":13,"column":73}},"6":{"start":{"line":14,"column":4},"end":{"line":14,"column":59}},"7":{"start":{"line":15,"column":4},"end":{"line":15,"column":24}},"8":{"start":{"line":16,"column":4},"end":{"line":16,"column":25}},"9":{"start":{"line":17,"column":4},"end":{"line":17,"column":23}},"10":{"start":{"line":18,"column":4},"end":{"line":18,"column":55}},"11":{"start":{"line":20,"column":21},"end":{"line":52,"column":3}},"12":{"start":{"line":21,"column":4},"end":{"line":21,"column":23}},"13":{"start":{"line":22,"column":17},"end":{"line":23,"column":15}},"14":{"start":{"line":24,"column":21},"end":{"line":24,"column":48}},"15":{"start":{"line":25,"column":21},"end":{"line":25,"column":50}},"16":{"start":{"line":26,"column":26},"end":{"line":26,"column":48}},"17":{"start":{"line":27,"column":4},"end":{"line":51,"column":5}},"18":{"start":{"line":28,"column":6},"end":{"line":28,"column":32}},"19":{"start":{"line":29,"column":6},"end":{"line":30,"column":108}},"20":{"start":{"line":32,"column":23},"end":{"line":32,"column":37}},"21":{"start":{"line":33,"column":20},"end":{"line":33,"column":66}},"22":{"start":{"line":34,"column":6},"end":{"line":34,"column":36}},"23":{"start":{"line":35,"column":6},"end":{"line":35,"column":38}},"24":{"start":{"line":37,"column":6},"end":{"line":50,"column":48}},"25":{"start":{"line":46,"column":10},"end":{"line":46,"column":28}},"26":{"start":{"line":47,"column":10},"end":{"line":47,"column":33}},"27":{"start":{"line":48,"column":10},"end":{"line":48,"column":35}},"28":{"start":{"line":50,"column":26},"end":{"line":50,"column":46}},"29":{"start":{"line":54,"column":17},"end":{"line":78,"column":3}},"30":{"start":{"line":55,"column":4},"end":{"line":55,"column":23}},"31":{"start":{"line":57,"column":18},"end":{"line":57,"column":64}},"32":{"start":{"line":58,"column":17},"end":{"line":75,"column":5}},"33":{"start":{"line":76,"column":4},"end":{"line":76,"column":26}},"34":{"start":{"line":77,"column":4},"end":{"line":77,"column":42}},"35":{"start":{"line":81,"column":15},"end":{"line":91,"column":3}},"36":{"start":{"line":82,"column":4},"end":{"line":90,"column":5}},"37":{"start":{"line":83,"column":6},"end":{"line":89,"column":48}},"38":{"start":{"line":87,"column":10},"end":{"line":87,"column":48}},"39":{"start":{"line":89,"column":26},"end":{"line":89,"column":46}}},"fnMap":{"0":{"name":"(anonymous_0)","decl":{"start":{"line":5,"column":2},"end":{"line":5,"column":3}},"loc":{"start":{"line":5,"column":61},"end":{"line":19,"column":3}},"line":5},"1":{"name":"(anonymous_1)","decl":{"start":{"line":20,"column":21},"end":{"line":20,"column":22}},"loc":{"start":{"line":20,"column":28},"end":{"line":52,"column":3}},"line":20},"2":{"name":"(anonymous_2)","decl":{"start":{"line":45,"column":14},"end":{"line":45,"column":15}},"loc":{"start":{"line":45,"column":36},"end":{"line":49,"column":9}},"line":45},"3":{"name":"(anonymous_3)","decl":{"start":{"line":50,"column":15},"end":{"line":50,"column":16}},"loc":{"start":{"line":50,"column":26},"end":{"line":50,"column":46}},"line":50},"4":{"name":"(anonymous_4)","decl":{"start":{"line":54,"column":17},"end":{"line":54,"column":18}},"loc":{"start":{"line":54,"column":24},"end":{"line":78,"column":3}},"line":54},"5":{"name":"(anonymous_5)","decl":{"start":{"line":81,"column":15},"end":{"line":81,"column":16}},"loc":{"start":{"line":81,"column":25},"end":{"line":91,"column":3}},"line":81},"6":{"name":"(anonymous_6)","decl":{"start":{"line":86,"column":14},"end":{"line":86,"column":15}},"loc":{"start":{"line":86,"column":20},"end":{"line":88,"column":9}},"line":86},"7":{"name":"(anonymous_7)","decl":{"start":{"line":89,"column":15},"end":{"line":89,"column":16}},"loc":{"start":{"line":89,"column":26},"end":{"line":89,"column":46}},"line":89}},"branchMap":{"0":{"loc":{"start":{"line":27,"column":4},"end":{"line":51,"column":5}},"type":"if","locations":[{"start":{"line":27,"column":4},"end":{"line":51,"column":5}},{"start":{"line":27,"column":4},"end":{"line":51,"column":5}}],"line":27},"1":{"loc":{"start":{"line":68,"column":8},"end":{"line":69,"column":10}},"type":"binary-expr","locations":[{"start":{"line":68,"column":8},"end":{"line":68,"column":74}},{"start":{"line":69,"column":8},"end":{"line":69,"column":10}}],"line":68},"2":{"loc":{"start":{"line":82,"column":4},"end":{"line":90,"column":5}},"type":"if","locations":[{"start":{"line":82,"column":4},"end":{"line":90,"column":5}},{"start":{"line":82,"column":4},"end":{"line":90,"column":5}}],"line":82}},"s":{"0":3,"1":3,"2":3,"3":3,"4":3,"5":3,"6":3,"7":3,"8":3,"9":3,"10":3,"11":3,"12":2,"13":2,"14":2,"15":2,"16":2,"17":2,"18":2,"19":2,"20":0,"21":0,"22":0,"23":0,"24":0,"25":0,"26":0,"27":0,"28":0,"29":3,"30":4,"31":4,"32":4,"33":4,"34":4,"35":3,"36":4,"37":4,"38":4,"39":0},"f":{"0":3,"1":2,"2":0,"3":0,"4":4,"5":4,"6":4,"7":0},"b":{"0":[2,0],"1":[4,4],"2":[4,0]},"_coverageSchema":"1a1c01bbd47fc00a2c39e90264f33305004495a9","hash":"e347f9da349ddcace59a8332afd2308ce26fae71"}
,"/Users/dylanbernadou/Desktop/P9-Billed-App/frontend/src/views/Actions.js": {"path":"/Users/dylanbernadou/Desktop/P9-Billed-App/frontend/src/views/Actions.js","statementMap":{"0":{"start":{"line":5,"column":2},"end":{"line":9,"column":12}}},"fnMap":{"0":{"name":"(anonymous_0)","decl":{"start":{"line":4,"column":15},"end":{"line":4,"column":16}},"loc":{"start":{"line":4,"column":28},"end":{"line":10,"column":1}},"line":4}},"branchMap":{},"s":{"0":10},"f":{"0":10},"b":{},"_coverageSchema":"1a1c01bbd47fc00a2c39e90264f33305004495a9","hash":"048eea16b4f8f7913c4434d7b097868d69d8cc6d"}
,"/Users/dylanbernadou/Desktop/P9-Billed-App/frontend/src/views/BillsUI.js": {"path":"/Users/dylanbernadou/Desktop/P9-Billed-App/frontend/src/views/BillsUI.js","statementMap":{"0":{"start":{"line":7,"column":12},"end":{"line":20,"column":1}},"1":{"start":{"line":8,"column":2},"end":{"line":19,"column":6}},"2":{"start":{"line":22,"column":13},"end":{"line":29,"column":1}},"3":{"start":{"line":23,"column":2},"end":{"line":28,"column":9}},"4":{"start":{"line":25,"column":25},"end":{"line":25,"column":73}},"5":{"start":{"line":26,"column":23},"end":{"line":26,"column":32}},"6":{"start":{"line":32,"column":16},"end":{"line":47,"column":3}},"7":{"start":{"line":32,"column":22},"end":{"line":47,"column":3}},"8":{"start":{"line":49,"column":2},"end":{"line":53,"column":3}},"9":{"start":{"line":50,"column":4},"end":{"line":50,"column":25}},"10":{"start":{"line":51,"column":9},"end":{"line":53,"column":3}},"11":{"start":{"line":52,"column":4},"end":{"line":52,"column":28}},"12":{"start":{"line":55,"column":2},"end":{"line":82,"column":12}}},"fnMap":{"0":{"name":"(anonymous_0)","decl":{"start":{"line":7,"column":12},"end":{"line":7,"column":13}},"loc":{"start":{"line":7,"column":22},"end":{"line":20,"column":1}},"line":7},"1":{"name":"(anonymous_1)","decl":{"start":{"line":22,"column":13},"end":{"line":22,"column":14}},"loc":{"start":{"line":22,"column":23},"end":{"line":29,"column":1}},"line":22},"2":{"name":"(anonymous_2)","decl":{"start":{"line":25,"column":14},"end":{"line":25,"column":15}},"loc":{"start":{"line":25,"column":25},"end":{"line":25,"column":73}},"line":25},"3":{"name":"(anonymous_3)","decl":{"start":{"line":26,"column":13},"end":{"line":26,"column":14}},"loc":{"start":{"line":26,"column":23},"end":{"line":26,"column":32}},"line":26},"4":{"name":"(anonymous_4)","decl":{"start":{"line":31,"column":15},"end":{"line":31,"column":16}},"loc":{"start":{"line":31,"column":52},"end":{"line":83,"column":1}},"line":31},"5":{"name":"(anonymous_5)","decl":{"start":{"line":32,"column":16},"end":{"line":32,"column":17}},"loc":{"start":{"line":32,"column":22},"end":{"line":47,"column":3}},"line":32}},"branchMap":{"0":{"loc":{"start":{"line":23,"column":9},"end":{"line":28,"column":8}},"type":"cond-expr","locations":[{"start":{"line":24,"column":6},"end":{"line":27,"column":17}},{"start":{"line":28,"column":6},"end":{"line":28,"column":8}}],"line":23},"1":{"loc":{"start":{"line":23,"column":9},"end":{"line":23,"column":28}},"type":"binary-expr","locations":[{"start":{"line":23,"column":9},"end":{"line":23,"column":13}},{"start":{"line":23,"column":17},"end":{"line":23,"column":28}}],"line":23},"2":{"loc":{"start":{"line":25,"column":25},"end":{"line":25,"column":73}},"type":"cond-expr","locations":[{"start":{"line":25,"column":67},"end":{"line":25,"column":68}},{"start":{"line":25,"column":71},"end":{"line":25,"column":73}}],"line":25},"3":{"loc":{"start":{"line":49,"column":2},"end":{"line":53,"column":3}},"type":"if","locations":[{"start":{"line":49,"column":2},"end":{"line":53,"column":3}},{"start":{"line":49,"column":2},"end":{"line":53,"column":3}}],"line":49},"4":{"loc":{"start":{"line":51,"column":9},"end":{"line":53,"column":3}},"type":"if","locations":[{"start":{"line":51,"column":9},"end":{"line":53,"column":3}},{"start":{"line":51,"column":9},"end":{"line":53,"column":3}}],"line":51}},"s":{"0":6,"1":8,"2":6,"3":14,"4":9,"5":8,"6":38,"7":14,"8":38,"9":12,"10":26,"11":12,"12":14},"f":{"0":8,"1":14,"2":9,"3":8,"4":38,"5":14},"b":{"0":[2,12],"1":[14,4],"2":[6,3],"3":[12,26],"4":[12,14]},"_coverageSchema":"1a1c01bbd47fc00a2c39e90264f33305004495a9","hash":"30437f1c1c589fca24f7fc0236af429ad3248ac5"}
,"/Users/dylanbernadou/Desktop/P9-Billed-App/frontend/src/views/DashboardFormUI.js": {"path":"/Users/dylanbernadou/Desktop/P9-Billed-App/frontend/src/views/DashboardFormUI.js","statementMap":{"0":{"start":{"line":7,"column":21},"end":{"line":22,"column":3}},"1":{"start":{"line":7,"column":27},"end":{"line":22,"column":3}},"2":{"start":{"line":25,"column":2},"end":{"line":112,"column":4}}},"fnMap":{"0":{"name":"(anonymous_0)","decl":{"start":{"line":7,"column":21},"end":{"line":7,"column":22}},"loc":{"start":{"line":7,"column":27},"end":{"line":22,"column":3}},"line":7},"1":{"name":"(anonymous_1)","decl":{"start":{"line":24,"column":15},"end":{"line":24,"column":16}},"loc":{"start":{"line":24,"column":25},"end":{"line":113,"column":1}},"line":24}},"branchMap":{"0":{"loc":{"start":{"line":83,"column":9},"end":{"line":95,"column":8}},"type":"cond-expr","locations":[{"start":{"line":84,"column":13},"end":{"line":89,"column":8}},{"start":{"line":90,"column":13},"end":{"line":95,"column":8}}],"line":83},"1":{"loc":{"start":{"line":100,"column":8},"end":{"line":107,"column":14}},"type":"cond-expr","locations":[{"start":{"line":101,"column":12},"end":{"line":106,"column":7}},{"start":{"line":107,"column":12},"end":{"line":107,"column":14}}],"line":100}},"s":{"0":7,"1":9,"2":9},"f":{"0":9,"1":9},"b":{"0":[6,3],"1":[6,3]},"_coverageSchema":"1a1c01bbd47fc00a2c39e90264f33305004495a9","hash":"f6858cf120191d04960c0f7c30490dcdcb3f2c64"}
,"/Users/dylanbernadou/Desktop/P9-Billed-App/frontend/src/views/DashboardUI.js": {"path":"/Users/dylanbernadou/Desktop/P9-Billed-App/frontend/src/views/DashboardUI.js","statementMap":{"0":{"start":{"line":9,"column":2},"end":{"line":13,"column":3}},"1":{"start":{"line":10,"column":4},"end":{"line":10,"column":25}},"2":{"start":{"line":11,"column":9},"end":{"line":13,"column":3}},"3":{"start":{"line":12,"column":4},"end":{"line":12,"column":28}},"4":{"start":{"line":15,"column":2},"end":{"line":52,"column":12}}},"fnMap":{"0":{"name":"(anonymous_0)","decl":{"start":{"line":8,"column":15},"end":{"line":8,"column":16}},"loc":{"start":{"line":8,"column":45},"end":{"line":53,"column":1}},"line":8}},"branchMap":{"0":{"loc":{"start":{"line":9,"column":2},"end":{"line":13,"column":3}},"type":"if","locations":[{"start":{"line":9,"column":2},"end":{"line":13,"column":3}},{"start":{"line":9,"column":2},"end":{"line":13,"column":3}}],"line":9},"1":{"loc":{"start":{"line":11,"column":9},"end":{"line":13,"column":3}},"type":"if","locations":[{"start":{"line":11,"column":9},"end":{"line":13,"column":3}},{"start":{"line":11,"column":9},"end":{"line":13,"column":3}}],"line":11},"2":{"loc":{"start":{"line":22,"column":28},"end":{"line":22,"column":46}},"type":"binary-expr","locations":[{"start":{"line":22,"column":28},"end":{"line":22,"column":32}},{"start":{"line":22,"column":36},"end":{"line":22,"column":46}}],"line":22},"3":{"loc":{"start":{"line":31,"column":30},"end":{"line":31,"column":48}},"type":"binary-expr","locations":[{"start":{"line":31,"column":30},"end":{"line":31,"column":34}},{"start":{"line":31,"column":38},"end":{"line":31,"column":48}}],"line":31},"4":{"loc":{"start":{"line":40,"column":30},"end":{"line":40,"column":48}},"type":"binary-expr","locations":[{"start":{"line":40,"column":30},"end":{"line":40,"column":34}},{"start":{"line":40,"column":38},"end":{"line":40,"column":48}}],"line":40}},"s":{"0":21,"1":6,"2":15,"3":3,"4":12},"f":{"0":21},"b":{"0":[6,15],"1":[3,12],"2":[12,7],"3":[12,7],"4":[12,7]},"_coverageSchema":"1a1c01bbd47fc00a2c39e90264f33305004495a9","hash":"15eee45753f46d61e8ec5fff7d590e7a1b10ace7"}
,"/Users/dylanbernadou/Desktop/P9-Billed-App/frontend/src/views/ErrorPage.js": {"path":"/Users/dylanbernadou/Desktop/P9-Billed-App/frontend/src/views/ErrorPage.js","statementMap":{"0":{"start":{"line":4,"column":2},"end":{"line":15,"column":3}}},"fnMap":{"0":{"name":"(anonymous_0)","decl":{"start":{"line":3,"column":15},"end":{"line":3,"column":16}},"loc":{"start":{"line":3,"column":26},"end":{"line":16,"column":1}},"line":3}},"branchMap":{"0":{"loc":{"start":{"line":12,"column":12},"end":{"line":12,"column":30}},"type":"cond-expr","locations":[{"start":{"line":12,"column":20},"end":{"line":12,"column":25}},{"start":{"line":12,"column":28},"end":{"line":12,"column":30}}],"line":12}},"s":{"0":18},"f":{"0":18},"b":{"0":[17,1]},"_coverageSchema":"1a1c01bbd47fc00a2c39e90264f33305004495a9","hash":"4112deccd0ac09f62d6208cea008d15b8ed5ec60"}
,"/Users/dylanbernadou/Desktop/P9-Billed-App/frontend/src/views/LoadingPage.js": {"path":"/Users/dylanbernadou/Desktop/P9-Billed-App/frontend/src/views/LoadingPage.js","statementMap":{"0":{"start":{"line":5,"column":2},"end":{"line":12,"column":3}}},"fnMap":{"0":{"name":"(anonymous_0)","decl":{"start":{"line":3,"column":15},"end":{"line":3,"column":16}},"loc":{"start":{"line":3,"column":21},"end":{"line":13,"column":1}},"line":3}},"branchMap":{},"s":{"0":19},"f":{"0":19},"b":{},"_coverageSchema":"1a1c01bbd47fc00a2c39e90264f33305004495a9","hash":"856feb35d862fef526faa25e70afb6d630f2c7dd"}
,"/Users/dylanbernadou/Desktop/P9-Billed-App/frontend/src/views/LoginUI.js": {"path":"/Users/dylanbernadou/Desktop/P9-Billed-App/frontend/src/views/LoginUI.js","statementMap":{"0":{"start":{"line":2,"column":2},"end":{"line":44,"column":4}}},"fnMap":{"0":{"name":"(anonymous_0)","decl":{"start":{"line":1,"column":15},"end":{"line":1,"column":16}},"loc":{"start":{"line":1,"column":21},"end":{"line":45,"column":1}},"line":1}},"branchMap":{},"s":{"0":19},"f":{"0":19},"b":{},"_coverageSchema":"1a1c01bbd47fc00a2c39e90264f33305004495a9","hash":"9c59ba4caa1a699e1ad68ca83b04e0a22417a2e4"}
,"/Users/dylanbernadou/Desktop/P9-Billed-App/frontend/src/views/NewBillUI.js": {"path":"/Users/dylanbernadou/Desktop/P9-Billed-App/frontend/src/views/NewBillUI.js","statementMap":{"0":{"start":{"line":5,"column":2},"end":{"line":7,"column":3}},"1":{"start":{"line":6,"column":4},"end":{"line":6,"column":28}},"2":{"start":{"line":9,"column":2},"end":{"line":78,"column":4}}},"fnMap":{"0":{"name":"(anonymous_0)","decl":{"start":{"line":4,"column":15},"end":{"line":4,"column":16}},"loc":{"start":{"line":4,"column":26},"end":{"line":79,"column":1}},"line":4}},"branchMap":{"0":{"loc":{"start":{"line":5,"column":2},"end":{"line":7,"column":3}},"type":"if","locations":[{"start":{"line":5,"column":2},"end":{"line":7,"column":3}},{"start":{"line":5,"column":2},"end":{"line":7,"column":3}}],"line":5}},"s":{"0":11,"1":1,"2":10},"f":{"0":11},"b":{"0":[1,10]},"_coverageSchema":"1a1c01bbd47fc00a2c39e90264f33305004495a9","hash":"fb52997589b65890b7103fc813e25b60f2d55db7"}
,"/Users/dylanbernadou/Desktop/P9-Billed-App/frontend/src/views/VerticalLayout.js": {"path":"/Users/dylanbernadou/Desktop/P9-Billed-App/frontend/src/views/VerticalLayout.js","statementMap":{"0":{"start":{"line":7,"column":4},"end":{"line":7,"column":51}},"1":{"start":{"line":8,"column":4},"end":{"line":10,"column":5}},"2":{"start":{"line":9,"column":6},"end":{"line":9,"column":29}},"3":{"start":{"line":11,"column":4},"end":{"line":39,"column":5}},"4":{"start":{"line":12,"column":6},"end":{"line":27,"column":7}},"5":{"start":{"line":29,"column":6},"end":{"line":38,"column":7}}},"fnMap":{"0":{"name":"(anonymous_0)","decl":{"start":{"line":5,"column":15},"end":{"line":5,"column":16}},"loc":{"start":{"line":5,"column":27},"end":{"line":40,"column":1}},"line":5}},"branchMap":{"0":{"loc":{"start":{"line":8,"column":4},"end":{"line":10,"column":5}},"type":"if","locations":[{"start":{"line":8,"column":4},"end":{"line":10,"column":5}},{"start":{"line":8,"column":4},"end":{"line":10,"column":5}}],"line":8},"1":{"loc":{"start":{"line":11,"column":4},"end":{"line":39,"column":5}},"type":"if","locations":[{"start":{"line":11,"column":4},"end":{"line":39,"column":5}},{"start":{"line":11,"column":4},"end":{"line":39,"column":5}}],"line":11},"2":{"loc":{"start":{"line":11,"column":8},"end":{"line":11,"column":40}},"type":"binary-expr","locations":[{"start":{"line":11,"column":8},"end":{"line":11,"column":12}},{"start":{"line":11,"column":16},"end":{"line":11,"column":40}}],"line":11}},"s":{"0":74,"1":74,"2":62,"3":74,"4":46,"5":28},"f":{"0":74},"b":{"0":[62,12],"1":[46,28],"2":[74,62]},"_coverageSchema":"1a1c01bbd47fc00a2c39e90264f33305004495a9","hash":"c5615ed21063b4f5e3d425a508e793ec1d2728e2"}
}
