TN:
SF:src/constants/routes.js
FN:13,(anonymous_0)
FNF:1
FNH:1
FNDA:42,(anonymous_0)
DA:6,6
DA:13,6
DA:14,42
DA:16,8
DA:18,13
DA:20,8
DA:22,12
DA:24,1
LF:8
LH:8
BRDA:14,0,0,8
BRDA:14,0,1,13
BRDA:14,0,2,8
BRDA:14,0,3,12
BRDA:14,0,4,1
BRF:5
BRH:5
end_of_record
TN:
SF:src/constants/usersTest.js
FNF:0
FNH:0
LF:0
LH:0
BRF:0
BRH:0
end_of_record
TN:
SF:src/containers/Bills.js
FN:6,(anonymous_0)
FN:17,(anonymous_1)
FN:18,(anonymous_2)
FN:23,(anonymous_3)
FN:27,(anonymous_4)
FN:38,(anonymous_5)
FN:43,(anonymous_6)
FN:44,(anonymous_7)
FNF:8
FNH:4
FNDA:3,(anonymous_0)
FNDA:8,(anonymous_1)
FNDA:0,(anonymous_2)
FNDA:3,(anonymous_3)
FNDA:0,(anonymous_4)
FNDA:1,(anonymous_5)
FNDA:0,(anonymous_6)
FNDA:0,(anonymous_7)
DA:7,3
DA:8,3
DA:9,3
DA:10,3
DA:13,3
DA:14,2
DA:15,3
DA:16,3
DA:17,3
DA:18,8
DA:20,3
DA:23,3
DA:24,3
DA:27,3
DA:28,0
DA:29,0
DA:30,0
DA:35,0
DA:38,3
DA:39,1
DA:40,1
DA:44,0
DA:45,0
DA:46,0
DA:54,0
DA:61,0
LF:26
LH:17
BRDA:13,0,0,2
BRDA:13,0,1,1
BRDA:16,1,0,3
BRDA:16,1,1,0
BRDA:39,2,0,1
BRDA:39,2,1,0
BRF:6
BRH:4
end_of_record
TN:
SF:src/containers/Dashboard.js
FN:8,(anonymous_0)
FN:10,(anonymous_1)
FN:29,(anonymous_2)
FN:58,(anonymous_3)
FN:59,(anonymous_4)
FN:62,(anonymous_5)
FN:74,(anonymous_6)
FN:78,(anonymous_7)
FN:79,(anonymous_8)
FN:80,(anonymous_9)
FN:84,(anonymous_10)
FN:96,(anonymous_11)
FN:101,(anonymous_12)
FN:116,(anonymous_13)
FN:117,(anonymous_14)
FN:120,(anonymous_15)
FN:130,(anonymous_16)
FN:140,(anonymous_17)
FN:155,(anonymous_18)
FN:156,(anonymous_19)
FN:164,(anonymous_20)
FN:169,(anonymous_21)
FN:170,(anonymous_22)
FN:178,(anonymous_23)
FNF:24
FNH:19
FNDA:44,(anonymous_0)
FNDA:104,(anonymous_1)
FNDA:6,(anonymous_2)
FNDA:6,(anonymous_3)
FNDA:6,(anonymous_4)
FNDA:5,(anonymous_5)
FNDA:14,(anonymous_6)
FNDA:0,(anonymous_7)
FNDA:0,(anonymous_8)
FNDA:0,(anonymous_9)
FNDA:1,(anonymous_10)
FNDA:3,(anonymous_11)
FNDA:12,(anonymous_12)
FNDA:0,(anonymous_13)
FNDA:0,(anonymous_14)
FNDA:1,(anonymous_15)
FNDA:1,(anonymous_16)
FNDA:5,(anonymous_17)
FNDA:20,(anonymous_18)
FNDA:3,(anonymous_19)
FNDA:5,(anonymous_20)
FNDA:3,(anonymous_21)
FNDA:12,(anonymous_22)
FNDA:2,(anonymous_23)
DA:8,6
DA:9,44
DA:14,104
DA:15,104
DA:20,0
DA:24,104
DA:29,6
DA:30,6
DA:31,6
DA:34,6
DA:38,6
DA:58,6
DA:59,6
DA:62,6
DA:63,5
DA:65,3
DA:67,1
DA:69,1
DA:75,14
DA:76,14
DA:77,14
DA:78,14
DA:79,14
DA:80,14
DA:81,14
DA:84,14
DA:85,1
DA:86,1
DA:87,1
DA:92,1
DA:93,0
DA:97,3
DA:98,3
DA:99,3
DA:100,3
DA:101,3
DA:102,12
DA:104,3
DA:105,3
DA:106,3
DA:108,0
DA:110,0
DA:113,0
DA:115,3
DA:116,3
DA:117,3
DA:120,14
DA:121,1
DA:126,1
DA:127,1
DA:130,14
DA:131,1
DA:136,1
DA:137,1
DA:141,5
DA:142,5
DA:143,5
DA:144,5
DA:145,5
DA:146,5
DA:149,5
DA:151,0
DA:152,0
DA:153,0
DA:155,5
DA:156,20
DA:157,3
DA:161,5
DA:164,14
DA:165,5
DA:166,5
DA:170,12
DA:176,3
DA:179,2
LF:74
LH:66
BRDA:9,0,0,26
BRDA:9,0,1,18
BRDA:9,1,0,44
BRDA:9,1,1,26
BRDA:14,2,0,104
BRDA:14,2,1,0
BRDA:21,3,0,0
BRDA:21,3,1,0
BRDA:31,4,0,0
BRDA:31,4,1,6
BRDA:34,5,0,0
BRDA:34,5,1,6
BRDA:59,6,0,5
BRDA:59,6,1,1
BRDA:59,7,0,6
BRDA:59,7,1,6
BRDA:63,8,0,3
BRDA:63,8,1,1
BRDA:63,8,2,1
BRDA:92,9,0,0
BRDA:92,9,1,1
BRDA:97,10,0,2
BRDA:97,10,1,1
BRDA:97,11,0,3
BRDA:97,11,1,3
BRDA:98,12,0,2
BRDA:98,12,1,1
BRDA:98,13,0,3
BRDA:98,13,1,1
BRDA:100,14,0,3
BRDA:100,14,1,0
BRDA:142,15,0,5
BRDA:142,15,1,0
BRDA:142,16,0,5
BRDA:142,16,1,2
BRDA:143,17,0,5
BRDA:143,17,1,0
BRDA:143,18,0,5
BRDA:143,18,1,2
BRDA:144,19,0,5
BRDA:144,19,1,0
BRDA:165,20,0,5
BRDA:165,20,1,0
BRF:43
BRH:32
end_of_record
TN:
SF:src/containers/Login.js
FN:6,(anonymous_0)
FN:27,(anonymous_1)
FN:40,(anonymous_2)
FN:41,(anonymous_3)
FN:49,(anonymous_4)
FN:65,(anonymous_5)
FN:66,(anonymous_6)
FN:75,(anonymous_7)
FN:84,(anonymous_8)
FN:93,(anonymous_9)
FN:105,(anonymous_10)
FNF:11
FNH:5
FNDA:5,(anonymous_0)
FNDA:2,(anonymous_1)
FNDA:0,(anonymous_2)
FNDA:2,(anonymous_3)
FNDA:2,(anonymous_4)
FNDA:0,(anonymous_5)
FNDA:2,(anonymous_6)
FNDA:0,(anonymous_7)
FNDA:0,(anonymous_8)
FNDA:0,(anonymous_9)
FNDA:0,(anonymous_10)
DA:2,4
DA:13,5
DA:14,5
DA:15,5
DA:16,5
DA:17,5
DA:18,5
DA:21,5
DA:22,5
DA:25,5
DA:27,5
DA:28,2
DA:29,2
DA:38,2
DA:39,2
DA:40,0
DA:42,2
DA:43,2
DA:44,2
DA:45,2
DA:49,5
DA:50,2
DA:51,2
DA:54,2
DA:63,2
DA:64,2
DA:65,0
DA:67,2
DA:68,2
DA:69,2
DA:70,2
DA:75,5
DA:76,0
DA:77,0
DA:85,0
DA:88,0
DA:93,5
DA:94,0
DA:95,0
DA:106,0
DA:109,0
LF:41
LH:31
BRDA:76,0,0,0
BRDA:76,0,1,0
BRDA:94,1,0,0
BRDA:94,1,1,0
BRF:4
BRH:0
end_of_record
TN:
SF:src/containers/Logout.js
FN:4,(anonymous_0)
FN:11,(anonymous_1)
FNF:2
FNH:2
FNDA:23,(anonymous_0)
FNDA:2,(anonymous_1)
DA:5,23
DA:6,23
DA:7,23
DA:8,23
DA:11,23
DA:12,2
DA:13,2
LF:7
LH:7
BRF:0
BRH:0
end_of_record
TN:
SF:src/containers/NewBill.js
FN:5,(anonymous_0)
FN:20,(anonymous_1)
FN:45,(anonymous_2)
FN:50,(anonymous_3)
FN:54,(anonymous_4)
FN:81,(anonymous_5)
FN:86,(anonymous_6)
FN:89,(anonymous_7)
FNF:8
FNH:4
FNDA:4,(anonymous_0)
FNDA:0,(anonymous_1)
FNDA:0,(anonymous_2)
FNDA:0,(anonymous_3)
FNDA:4,(anonymous_4)
FNDA:4,(anonymous_5)
FNDA:4,(anonymous_6)
FNDA:0,(anonymous_7)
DA:6,4
DA:7,4
DA:8,4
DA:9,4
DA:12,4
DA:13,4
DA:14,4
DA:15,4
DA:16,4
DA:17,4
DA:18,4
DA:20,4
DA:21,0
DA:22,0
DA:24,0
DA:25,0
DA:26,0
DA:27,0
DA:28,0
DA:29,0
DA:32,0
DA:33,0
DA:34,0
DA:35,0
DA:37,0
DA:46,0
DA:47,0
DA:48,0
DA:50,0
DA:54,4
DA:55,4
DA:57,4
DA:58,4
DA:76,4
DA:77,4
DA:81,4
DA:82,4
DA:83,4
DA:87,4
DA:89,0
LF:40
LH:22
BRDA:27,0,0,0
BRDA:27,0,1,0
BRDA:68,1,0,4
BRDA:68,1,1,4
BRDA:82,2,0,4
BRDA:82,2,1,0
BRF:6
BRH:3
end_of_record
TN:
SF:src/views/Actions.js
FN:4,(anonymous_0)
FNF:1
FNH:1
FNDA:6,(anonymous_0)
DA:5,6
LF:1
LH:1
BRF:0
BRH:0
end_of_record
TN:
SF:src/views/BillsUI.js
FN:7,(anonymous_0)
FN:22,(anonymous_1)
FN:25,(anonymous_2)
FN:26,(anonymous_3)
FN:31,(anonymous_4)
FN:32,(anonymous_5)
FNF:6
FNH:6
FNDA:4,(anonymous_0)
FNDA:12,(anonymous_1)
FNDA:6,(anonymous_2)
FNDA:4,(anonymous_3)
FNDA:14,(anonymous_4)
FNDA:12,(anonymous_5)
DA:7,6
DA:8,4
DA:22,6
DA:23,12
DA:25,6
DA:26,4
DA:32,14
DA:49,14
DA:50,1
DA:51,13
DA:52,1
DA:55,12
LF:12
LH:12
BRDA:23,0,0,1
BRDA:23,0,1,11
BRDA:23,1,0,12
BRDA:23,1,1,2
BRDA:25,2,0,3
BRDA:25,2,1,3
BRDA:49,3,0,1
BRDA:49,3,1,13
BRDA:51,4,0,1
BRDA:51,4,1,12
BRF:10
BRH:10
end_of_record
TN:
SF:src/views/DashboardFormUI.js
FN:7,(anonymous_0)
FN:24,(anonymous_1)
FNF:2
FNH:2
FNDA:10,(anonymous_0)
FNDA:10,(anonymous_1)
DA:7,10
DA:25,10
LF:2
LH:2
BRDA:83,0,0,7
BRDA:83,0,1,3
BRDA:100,1,0,7
BRDA:100,1,1,3
BRF:4
BRH:4
end_of_record
TN:
SF:src/views/DashboardUI.js
FN:8,(anonymous_0)
FNF:1
FNH:1
FNDA:21,(anonymous_0)
DA:9,21
DA:10,6
DA:11,15
DA:12,3
DA:15,12
LF:5
LH:5
BRDA:9,0,0,6
BRDA:9,0,1,15
BRDA:11,1,0,3
BRDA:11,1,1,12
BRDA:22,2,0,12
BRDA:22,2,1,7
BRDA:31,3,0,12
BRDA:31,3,1,7
BRDA:40,4,0,12
BRDA:40,4,1,7
BRF:10
BRH:10
end_of_record
TN:
SF:src/views/ErrorPage.js
FN:3,(anonymous_0)
FNF:1
FNH:1
FNDA:6,(anonymous_0)
DA:4,6
LF:1
LH:1
BRDA:12,0,0,5
BRDA:12,0,1,1
BRF:2
BRH:2
end_of_record
TN:
SF:src/views/LoadingPage.js
FN:3,(anonymous_0)
FNF:1
FNH:1
FNDA:8,(anonymous_0)
DA:5,8
LF:1
LH:1
BRF:0
BRH:0
end_of_record
TN:
SF:src/views/LoginUI.js
FN:1,(anonymous_0)
FNF:1
FNH:1
FNDA:15,(anonymous_0)
DA:2,15
LF:1
LH:1
BRF:0
BRH:0
end_of_record
TN:
SF:src/views/NewBillUI.js
FN:3,(anonymous_0)
FNF:1
FNH:1
FNDA:12,(anonymous_0)
DA:4,12
LF:1
LH:1
BRF:0
BRH:0
end_of_record
TN:
SF:src/views/VerticalLayout.js
FN:5,(anonymous_0)
FNF:1
FNH:1
FNDA:51,(anonymous_0)
DA:7,51
DA:8,51
DA:9,39
DA:11,51
DA:12,23
DA:29,28
LF:6
LH:6
BRDA:8,0,0,39
BRDA:8,0,1,12
BRDA:11,1,0,23
BRDA:11,1,1,28
BRDA:11,2,0,51
BRDA:11,2,1,39
BRF:6
BRH:6
end_of_record
